<?xml version="1.0" encoding="UTF-8"?>
<testng-results ignored="0" total="1" passed="1" failed="0" skipped="0">
  <reporter-output>
  </reporter-output>
  <suite started-at="2024-09-25T20:57:56 NPT" name="Default suite" finished-at="2024-09-25T20:58:02 NPT" duration-ms="6338">
    <groups>
    </groups>
    <test started-at="2024-09-25T20:57:56 NPT" name="Default test" finished-at="2024-09-25T20:58:02 NPT" duration-ms="6338">
      <class name="automationexerise.login">
        <test-method is-config="true" signature="open_Browser()[pri:0, instance:automationexerise.login@223d2c72]" started-at="2024-09-25T20:57:35 NPT" name="open_Browser" finished-at="2024-09-25T20:57:56 NPT" duration-ms="20284" status="PASS">
          <reporter-output>
          </reporter-output>
        </test-method> <!-- open_Browser -->
        <test-method signature="logged_in()[pri:0, instance:automationexerise.login@223d2c72]" started-at="2024-09-25T20:57:56 NPT" name="logged_in" finished-at="2024-09-25T20:58:02 NPT" duration-ms="6281" status="PASS">
          <reporter-output>
          </reporter-output>
        </test-method> <!-- logged_in -->
        <test-method is-config="true" signature="close_Browser()[pri:0, instance:automationexerise.login@223d2c72]" started-at="2024-09-25T20:58:02 NPT" name="close_Browser" finished-at="2024-09-25T20:58:06 NPT" duration-ms="4115" status="PASS">
          <reporter-output>
          </reporter-output>
        </test-method> <!-- close_Browser -->
      </class> <!-- automationexerise.login -->
    </test> <!-- Default test -->
  </suite> <!-- Default suite -->
</testng-results>
